{
  "RSpec": {
    "coverage": {
      "/Users/Bogdan/SpartaHack-API/spec/support/request_helpers.rb": [
        1,
        1,
        1,
        12,
        null,
        null,
        null,
        1,
        1,
        38,
        null,
        null,
        1,
        38,
        38,
        null,
        null,
        1,
        18,
        null,
        null,
        1,
        38,
        38,
        null,
        null,
        null
      ],
      "/Users/Bogdan/SpartaHack-API/spec/support/serializer_helpers.rb": [
        1,
        1,
        null,
        1,
        12,
        12,
        12,
        12,
        null,
        null
      ],
      "/Users/Bogdan/SpartaHack-API/app/controllers/api/v1/faqs_controller.rb": [
        1,
        1,
        1,
        1,
        null,
        null,
        1,
        1,
        null,
        1,
        null,
        null,
        null,
        1,
        1,
        null,
        null,
        null,
        1,
        3,
        3,
        2,
        null,
        1,
        null,
        null,
        null,
        null,
        1,
        3,
        2,
        null,
        1,
        null,
        null,
        null,
        null,
        1,
        1,
        null,
        null,
        1,
        null,
        1,
        5,
        null,
        null,
        null,
        1,
        9,
        null,
        null
      ],
      "/Users/Bogdan/SpartaHack-API/app/controllers/application_controller.rb": [
        1,
        1,
        1,
        1,
        null,
        1,
        1,
        null,
        null,
        1,
        null,
        1,
        null,
        1,
        0,
        null,
        null,
        null
      ],
      "/Users/Bogdan/SpartaHack-API/app/controllers/concerns/statistics.rb": [
        1,
        null,
        1,
        31,
        1,
        null,
        30,
        null,
        null,
        null,
        null
      ],
      "/Users/Bogdan/SpartaHack-API/app/controllers/concerns/authenticable.rb": [
        1,
        1,
        null,
        null,
        null,
        null,
        null,
        null,
        null,
        null,
        null,
        null,
        null,
        null,
        1,
        60,
        null,
        null,
        1,
        6,
        null,
        null,
        1,
        8,
        null,
        null,
        1,
        15,
        15,
        15,
        15,
        null,
        null,
        null,
        null,
        null
      ],
      "/Users/Bogdan/SpartaHack-API/spec/controllers/api/v1/sessions_controller_spec.rb": [
        1,
        null,
        1,
        6,
        6,
        null,
        1,
        null,
        1,
        4,
        null,
        null,
        1,
        null,
        1,
        2,
        null,
        null,
        1,
        1,
        1,
        null,
        null,
        2,
        null,
        null,
        1,
        null,
        1,
        2,
        2,
        null,
        null,
        1,
        1,
        null,
        null,
        2,
        null,
        null,
        null,
        1,
        null,
        1,
        1,
        1,
        1,
        null,
        null,
        2,
        null,
        null,
        null,
        null
      ],
      "/Users/Bogdan/SpartaHack-API/app/controllers/api/v1/sessions_controller.rb": [
        1,
        1,
        1,
        1,
        null,
        1,
        4,
        null,
        4,
        4,
        null,
        4,
        2,
        2,
        2,
        2,
        null,
        2,
        null,
        null,
        null,
        1,
        1,
        1,
        1,
        1,
        null,
        null,
        null,
        1,
        8,
        null,
        null,
        null
      ],
      "/Users/Bogdan/SpartaHack-API/spec/controllers/api/v1/users_controller_spec.rb": [
        1,
        null,
        1,
        16,
        16,
        null,
        1,
        1,
        1,
        2,
        2,
        null,
        null,
        null,
        1,
        1,
        1,
        null,
        null,
        2,
        null,
        null,
        1,
        1,
        2,
        null,
        null,
        1,
        1,
        1,
        null,
        null,
        2,
        null,
        null,
        null,
        1,
        null,
        1,
        1,
        2,
        2,
        null,
        null,
        1,
        1,
        1,
        null,
        null,
        2,
        null,
        null,
        1,
        1,
        3,
        3,
        null,
        null,
        1,
        1,
        1,
        null,
        null,
        1,
        1,
        1,
        1,
        1,
        null,
        null,
        2,
        null,
        null,
        null,
        1,
        1,
        5,
        5,
        null,
        null,
        1,
        1,
        2,
        null,
        null,
        1,
        1,
        1,
        null,
        null,
        2,
        null,
        null,
        1,
        1,
        3,
        null,
        null,
        1,
        1,
        1,
        1,
        null,
        null,
        1,
        1,
        1,
        null,
        null,
        2,
        null,
        null,
        null,
        1,
        1,
        1,
        1,
        1,
        null,
        null,
        2,
        null,
        null,
        null,
        null
      ],
      "/Users/Bogdan/SpartaHack-API/app/controllers/api/v1/users_controller.rb": [
        1,
        1,
        1,
        1,
        1,
        null,
        1,
        4,
        2,
        null,
        2,
        null,
        null,
        null,
        1,
        5,
        5,
        2,
        null,
        3,
        null,
        null,
        null,
        1,
        5,
        null,
        5,
        2,
        null,
        3,
        null,
        null,
        null,
        1,
        1,
        1,
        1,
        null,
        null,
        1,
        1,
        null,
        null,
        1,
        null,
        1,
        null,
        10,
        null,
        null
      ],
      "/Users/Bogdan/SpartaHack-API/spec/controllers/concerns/authenticable_spec.rb": [
        1,
        null,
        1,
        1,
        1,
        null,
        null,
        1,
        8,
        4,
        null,
        1,
        1,
        1,
        1,
        1,
        null,
        1,
        1,
        null,
        null,
        null,
        1,
        1,
        2,
        2,
        2,
        2,
        2,
        null,
        null,
        1,
        1,
        null,
        null,
        2,
        null,
        null,
        1,
        1,
        1,
        1,
        1,
        null,
        null,
        2,
        null,
        null,
        1,
        1,
        1,
        1,
        null,
        null,
        2,
        null,
        null,
        null,
        1,
        1,
        1,
        1,
        1,
        1,
        null,
        null,
        1,
        1,
        null,
        null,
        null,
        1,
        1,
        1,
        1,
        1,
        null,
        null,
        1,
        1,
        null,
        null,
        null,
        null,
        null,
        null
      ],
      "/Users/Bogdan/SpartaHack-API/spec/controllers/concerns/statistics_spec.rb": [
        1,
        null,
        1,
        1,
        null,
        null,
        1,
        2,
        1,
        null,
        1,
        1,
        1,
        1,
        null,
        null,
        1,
        1,
        1,
        null,
        1,
        1,
        null,
        null,
        null,
        null
      ],
      "/Users/Bogdan/SpartaHack-API/spec/models/ability_spec.rb": [
        1,
        1,
        null,
        1,
        1,
        5,
        5,
        null,
        1,
        1,
        8,
        null,
        null,
        null,
        null,
        1,
        5,
        5,
        null,
        1,
        1,
        8,
        null,
        null,
        null,
        null,
        1,
        5,
        5,
        null,
        1,
        1,
        6,
        null,
        null,
        null,
        1,
        2,
        null,
        null,
        null,
        1,
        5,
        5,
        null,
        1,
        1,
        6,
        null,
        null,
        null,
        1,
        2,
        null,
        null,
        null,
        null
      ],
      "/Users/Bogdan/SpartaHack-API/app/models/ability.rb": [
        1,
        1,
        null,
        1,
        26,
        26,
        13,
        null,
        null,
        null,
        13,
        4,
        null,
        9,
        5,
        5,
        5,
        5,
        null,
        4,
        4,
        null,
        null,
        null,
        null,
        null,
        null,
        null,
        null,
        null,
        null,
        null,
        null,
        null,
        null,
        null,
        null,
        null,
        null,
        null,
        null,
        null,
        null,
        null,
        null,
        null,
        null,
        null,
        null,
        null
      ],
      "/Users/Bogdan/SpartaHack-API/spec/models/api_key_spec.rb": [
        null,
        null,
        null,
        null,
        null,
        null,
        null,
        null,
        null,
        null,
        1,
        null,
        1,
        null,
        1,
        1,
        1,
        1,
        null,
        null,
        1,
        1,
        1,
        1,
        null,
        null,
        null
      ],
      "/Users/Bogdan/SpartaHack-API/app/models/api_key.rb": [
        null,
        null,
        null,
        null,
        null,
        null,
        null,
        null,
        null,
        null,
        null,
        1,
        1,
        null,
        1,
        null,
        1,
        22,
        22,
        22,
        null,
        null,
        null,
        null
      ],
      "/Users/Bogdan/SpartaHack-API/spec/models/application_spec.rb": [
        1,
        null,
        1,
        31,
        null,
        31,
        null,
        2,
        2,
        2,
        2,
        2,
        2,
        2,
        2,
        2,
        2,
        2,
        2,
        2,
        2,
        2,
        2,
        2,
        2,
        2,
        2,
        2,
        null,
        2,
        null,
        2,
        2,
        2,
        2,
        2,
        2,
        2,
        2,
        null,
        null
      ],
      "/Users/Bogdan/SpartaHack-API/app/models/application.rb": [
        null,
        null,
        null,
        null,
        null,
        null,
        null,
        null,
        null,
        null,
        null,
        null,
        null,
        null,
        null,
        null,
        null,
        null,
        null,
        null,
        null,
        null,
        null,
        null,
        null,
        null,
        null,
        null,
        null,
        null,
        null,
        null,
        null,
        null,
        null,
        null,
        null,
        null,
        1,
        1,
        null,
        1,
        null,
        null,
        null,
        1,
        null,
        null,
        null,
        null,
        null,
        1,
        null,
        null,
        null,
        null,
        null,
        1,
        null,
        null,
        null,
        null,
        null,
        1,
        1,
        1,
        1,
        null,
        null,
        null,
        null,
        1,
        null,
        null,
        null,
        null
      ],
      "/Users/Bogdan/SpartaHack-API/app/models/application_record.rb": [
        1,
        1,
        null
      ],
      "/Users/Bogdan/SpartaHack-API/spec/models/faq_spec.rb": [
        null,
        null,
        null,
        null,
        null,
        null,
        null,
        null,
        null,
        null,
        null,
        null,
        null,
        null,
        null,
        null,
        null,
        null,
        null,
        null,
        1,
        null,
        1,
        6,
        null,
        6,
        null,
        2,
        2,
        null,
        2,
        null,
        2,
        2,
        null,
        null
      ],
      "/Users/Bogdan/SpartaHack-API/app/models/faq.rb": [
        null,
        null,
        null,
        null,
        null,
        null,
        null,
        null,
        null,
        null,
        null,
        null,
        null,
        null,
        null,
        null,
        null,
        null,
        null,
        null,
        1,
        1,
        null,
        1,
        1,
        null
      ],
      "/Users/Bogdan/SpartaHack-API/spec/models/geo_ip_spec.rb": [
        1,
        null,
        1,
        2,
        null
      ],
      "/Users/Bogdan/SpartaHack-API/app/models/geo_ip.rb": [
        null,
        null,
        null,
        null,
        null,
        null,
        null,
        null,
        null,
        null,
        null,
        1,
        1,
        null
      ],
      "/Users/Bogdan/SpartaHack-API/spec/models/user_spec.rb": [
        null,
        null,
        null,
        null,
        null,
        null,
        null,
        null,
        null,
        null,
        null,
        null,
        null,
        null,
        null,
        null,
        null,
        null,
        null,
        null,
        null,
        null,
        null,
        null,
        null,
        null,
        null,
        null,
        null,
        null,
        null,
        1,
        null,
        1,
        17,
        null,
        15,
        null,
        2,
        2,
        2,
        2,
        2,
        2,
        null,
        2,
        null,
        2,
        2,
        2,
        2,
        2,
        2,
        2,
        null,
        null,
        1,
        1,
        1,
        1,
        1,
        null,
        null,
        1,
        1,
        1,
        1,
        null,
        null,
        null
      ],
      "/Users/Bogdan/SpartaHack-API/spec/serializers/faq_serializer_spec.rb": [
        1,
        null,
        1,
        null,
        1,
        1,
        5,
        5,
        null,
        null,
        1,
        1,
        null,
        null,
        1,
        1,
        null,
        null,
        1,
        1,
        null,
        null,
        1,
        1,
        null,
        null,
        1,
        1,
        null,
        null,
        null,
        null
      ],
      "/Users/Bogdan/SpartaHack-API/app/serializers/faq_serializer.rb": [
        1,
        1,
        null,
        1,
        12,
        null,
        null
      ],
      "/Users/Bogdan/SpartaHack-API/spec/serializers/user_serializer_spec.rb": [
        1,
        null,
        1,
        null,
        1,
        1,
        7,
        7,
        null,
        null,
        1,
        1,
        null,
        null,
        null,
        1,
        1,
        null,
        null,
        1,
        1,
        null,
        null,
        1,
        1,
        null,
        null,
        1,
        1,
        null,
        null,
        1,
        1,
        null,
        null,
        1,
        1,
        2,
        null,
        1,
        null,
        null,
        null,
        null
      ],
      "/Users/Bogdan/SpartaHack-API/app/serializers/user_serializer.rb": [
        1,
        1,
        null,
        1,
        null,
        null
      ]
    },
    "timestamp": 1478290951
  }
}
